{"C:\\prj\\node\\cardserver\\Cards.mjs": {"path":"C:\\prj\\node\\cardserver\\Cards.mjs","statementMap":{"0":{"start":{"line":5,"column":24},"end":{"line":5,"column":26}},"1":{"start":{"line":8,"column":24},"end":{"line":8,"column":25}},"2":{"start":{"line":9,"column":24},"end":{"line":9,"column":25}},"3":{"start":{"line":10,"column":24},"end":{"line":10,"column":25}},"4":{"start":{"line":11,"column":24},"end":{"line":11,"column":25}},"5":{"start":{"line":13,"column":24},"end":{"line":13,"column":26}},"6":{"start":{"line":15,"column":24},"end":{"line":15,"column":44}},"7":{"start":{"line":16,"column":24},"end":{"line":16,"column":128}},"8":{"start":{"line":17,"column":24},"end":{"line":17,"column":65}},"9":{"start":{"line":19,"column":30},"end":{"line":19,"column":32}},"10":{"start":{"line":20,"column":0},"end":{"line":20,"column":73}},"11":{"start":{"line":21,"column":0},"end":{"line":21,"column":73}},"12":{"start":{"line":22,"column":0},"end":{"line":22,"column":73}},"13":{"start":{"line":23,"column":0},"end":{"line":23,"column":73}},"14":{"start":{"line":25,"column":30},"end":{"line":25,"column":32}},"15":{"start":{"line":26,"column":0},"end":{"line":26,"column":34}},"16":{"start":{"line":27,"column":0},"end":{"line":27,"column":34}},"17":{"start":{"line":28,"column":0},"end":{"line":28,"column":34}},"18":{"start":{"line":29,"column":0},"end":{"line":29,"column":34}},"19":{"start":{"line":38,"column":8},"end":{"line":41,"column":9}},"20":{"start":{"line":40,"column":12},"end":{"line":40,"column":38}},"21":{"start":{"line":42,"column":8},"end":{"line":42,"column":26}},"22":{"start":{"line":43,"column":18},"end":{"line":43,"column":35}},"23":{"start":{"line":44,"column":8},"end":{"line":44,"column":30}},"24":{"start":{"line":45,"column":8},"end":{"line":45,"column":31}},"25":{"start":{"line":55,"column":20},"end":{"line":55,"column":24}},"26":{"start":{"line":56,"column":8},"end":{"line":59,"column":9}},"27":{"start":{"line":57,"column":12},"end":{"line":57,"column":31}},"28":{"start":{"line":58,"column":12},"end":{"line":58,"column":30}},"29":{"start":{"line":60,"column":8},"end":{"line":60,"column":57}},"30":{"start":{"line":69,"column":8},"end":{"line":76,"column":9}},"31":{"start":{"line":70,"column":23},"end":{"line":70,"column":52}},"32":{"start":{"line":71,"column":12},"end":{"line":75,"column":18}},"33":{"start":{"line":72,"column":16},"end":{"line":75,"column":18}},"34":{"start":{"line":77,"column":8},"end":{"line":77,"column":55}},"35":{"start":{"line":87,"column":20},"end":{"line":87,"column":24}},"36":{"start":{"line":88,"column":8},"end":{"line":91,"column":9}},"37":{"start":{"line":89,"column":12},"end":{"line":89,"column":31}},"38":{"start":{"line":90,"column":12},"end":{"line":90,"column":30}},"39":{"start":{"line":92,"column":8},"end":{"line":92,"column":69}},"40":{"start":{"line":103,"column":20},"end":{"line":103,"column":24}},"41":{"start":{"line":104,"column":8},"end":{"line":107,"column":9}},"42":{"start":{"line":105,"column":12},"end":{"line":105,"column":31}},"43":{"start":{"line":106,"column":12},"end":{"line":106,"column":30}},"44":{"start":{"line":108,"column":8},"end":{"line":108,"column":42}},"45":{"start":{"line":115,"column":19},"end":{"line":115,"column":44}},"46":{"start":{"line":122,"column":8},"end":{"line":122,"column":27}},"47":{"start":{"line":123,"column":8},"end":{"line":136,"column":9}},"48":{"start":{"line":124,"column":12},"end":{"line":124,"column":32}},"49":{"start":{"line":125,"column":12},"end":{"line":125,"column":38}},"50":{"start":{"line":127,"column":12},"end":{"line":135,"column":13}},"51":{"start":{"line":128,"column":16},"end":{"line":128,"column":38}},"52":{"start":{"line":131,"column":27},"end":{"line":131,"column":48}},"53":{"start":{"line":133,"column":16},"end":{"line":133,"column":40}},"54":{"start":{"line":134,"column":16},"end":{"line":134,"column":39}},"55":{"start":{"line":143,"column":24},"end":{"line":143,"column":26}},"56":{"start":{"line":144,"column":8},"end":{"line":145,"column":59}},"57":{"start":{"line":145,"column":12},"end":{"line":145,"column":59}},"58":{"start":{"line":146,"column":8},"end":{"line":151,"column":9}},"59":{"start":{"line":148,"column":12},"end":{"line":148,"column":32}},"60":{"start":{"line":149,"column":12},"end":{"line":150,"column":64}},"61":{"start":{"line":150,"column":16},"end":{"line":150,"column":64}},"62":{"start":{"line":152,"column":8},"end":{"line":152,"column":34}},"63":{"start":{"line":157,"column":21},"end":{"line":157,"column":23}},"64":{"start":{"line":158,"column":8},"end":{"line":159,"column":42}},"65":{"start":{"line":159,"column":12},"end":{"line":159,"column":42}},"66":{"start":{"line":160,"column":8},"end":{"line":160,"column":49}},"67":{"start":{"line":161,"column":8},"end":{"line":166,"column":9}},"68":{"start":{"line":163,"column":12},"end":{"line":163,"column":29}},"69":{"start":{"line":164,"column":12},"end":{"line":165,"column":46}},"70":{"start":{"line":165,"column":16},"end":{"line":165,"column":46}},"71":{"start":{"line":167,"column":8},"end":{"line":167,"column":31}},"72":{"start":{"line":172,"column":8},"end":{"line":172,"column":68}},"73":{"start":{"line":181,"column":8},"end":{"line":181,"column":42}},"74":{"start":{"line":182,"column":8},"end":{"line":182,"column":35}},"75":{"start":{"line":187,"column":21},"end":{"line":187,"column":70}},"76":{"start":{"line":188,"column":8},"end":{"line":188,"column":53}},"77":{"start":{"line":189,"column":8},"end":{"line":189,"column":42}},"78":{"start":{"line":190,"column":8},"end":{"line":190,"column":34}},"79":{"start":{"line":191,"column":8},"end":{"line":191,"column":46}},"80":{"start":{"line":192,"column":8},"end":{"line":192,"column":22}},"81":{"start":{"line":200,"column":8},"end":{"line":200,"column":30}},"82":{"start":{"line":201,"column":8},"end":{"line":201,"column":24}},"83":{"start":{"line":202,"column":8},"end":{"line":202,"column":27}},"84":{"start":{"line":203,"column":20},"end":{"line":203,"column":39}},"85":{"start":{"line":204,"column":20},"end":{"line":204,"column":21}},"86":{"start":{"line":205,"column":8},"end":{"line":219,"column":9}},"87":{"start":{"line":207,"column":12},"end":{"line":211,"column":13}},"88":{"start":{"line":209,"column":16},"end":{"line":209,"column":24}},"89":{"start":{"line":210,"column":16},"end":{"line":210,"column":25}},"90":{"start":{"line":213,"column":12},"end":{"line":218,"column":55}},"91":{"start":{"line":214,"column":16},"end":{"line":214,"column":52}},"92":{"start":{"line":217,"column":12},"end":{"line":218,"column":55}},"93":{"start":{"line":218,"column":16},"end":{"line":218,"column":55}},"94":{"start":{"line":224,"column":8},"end":{"line":224,"column":39}},"95":{"start":{"line":232,"column":20},"end":{"line":232,"column":22}},"96":{"start":{"line":233,"column":8},"end":{"line":235,"column":56}},"97":{"start":{"line":234,"column":12},"end":{"line":235,"column":56}},"98":{"start":{"line":235,"column":16},"end":{"line":235,"column":56}},"99":{"start":{"line":236,"column":8},"end":{"line":236,"column":35}},"100":{"start":{"line":246,"column":20},"end":{"line":246,"column":82}},"101":{"start":{"line":247,"column":8},"end":{"line":247,"column":62}},"102":{"start":{"line":248,"column":8},"end":{"line":248,"column":49}},"103":{"start":{"line":249,"column":8},"end":{"line":249,"column":35}}},"fnMap":{"0":{"name":"(anonymous_0)","decl":{"start":{"line":37,"column":4},"end":{"line":37,"column":5}},"loc":{"start":{"line":37,"column":22},"end":{"line":46,"column":5}},"line":37},"1":{"name":"(anonymous_1)","decl":{"start":{"line":54,"column":4},"end":{"line":54,"column":5}},"loc":{"start":{"line":54,"column":35},"end":{"line":61,"column":5}},"line":54},"2":{"name":"(anonymous_2)","decl":{"start":{"line":68,"column":4},"end":{"line":68,"column":5}},"loc":{"start":{"line":68,"column":24},"end":{"line":78,"column":5}},"line":68},"3":{"name":"(anonymous_3)","decl":{"start":{"line":86,"column":4},"end":{"line":86,"column":5}},"loc":{"start":{"line":86,"column":34},"end":{"line":93,"column":5}},"line":86},"4":{"name":"(anonymous_4)","decl":{"start":{"line":101,"column":4},"end":{"line":101,"column":5}},"loc":{"start":{"line":102,"column":4},"end":{"line":109,"column":5}},"line":102},"5":{"name":"(anonymous_5)","decl":{"start":{"line":115,"column":4},"end":{"line":115,"column":5}},"loc":{"start":{"line":115,"column":17},"end":{"line":115,"column":46}},"line":115},"6":{"name":"(anonymous_6)","decl":{"start":{"line":121,"column":4},"end":{"line":121,"column":5}},"loc":{"start":{"line":121,"column":28},"end":{"line":137,"column":5}},"line":121},"7":{"name":"(anonymous_7)","decl":{"start":{"line":142,"column":4},"end":{"line":142,"column":5}},"loc":{"start":{"line":142,"column":19},"end":{"line":153,"column":5}},"line":142},"8":{"name":"(anonymous_8)","decl":{"start":{"line":155,"column":4},"end":{"line":155,"column":5}},"loc":{"start":{"line":156,"column":4},"end":{"line":168,"column":5}},"line":156},"9":{"name":"(anonymous_9)","decl":{"start":{"line":170,"column":4},"end":{"line":170,"column":5}},"loc":{"start":{"line":171,"column":4},"end":{"line":173,"column":5}},"line":171},"10":{"name":"(anonymous_10)","decl":{"start":{"line":179,"column":4},"end":{"line":179,"column":5}},"loc":{"start":{"line":180,"column":4},"end":{"line":183,"column":5}},"line":180},"11":{"name":"(anonymous_11)","decl":{"start":{"line":185,"column":4},"end":{"line":185,"column":5}},"loc":{"start":{"line":186,"column":4},"end":{"line":193,"column":5}},"line":186},"12":{"name":"(anonymous_12)","decl":{"start":{"line":199,"column":4},"end":{"line":199,"column":5}},"loc":{"start":{"line":199,"column":24},"end":{"line":220,"column":5}},"line":199},"13":{"name":"(anonymous_13)","decl":{"start":{"line":222,"column":4},"end":{"line":222,"column":5}},"loc":{"start":{"line":223,"column":4},"end":{"line":225,"column":5}},"line":223},"14":{"name":"(anonymous_14)","decl":{"start":{"line":231,"column":4},"end":{"line":231,"column":5}},"loc":{"start":{"line":231,"column":25},"end":{"line":237,"column":5}},"line":231},"15":{"name":"(anonymous_15)","decl":{"start":{"line":245,"column":4},"end":{"line":245,"column":5}},"loc":{"start":{"line":245,"column":52},"end":{"line":250,"column":5}},"line":245}},"branchMap":{"0":{"loc":{"start":{"line":38,"column":8},"end":{"line":41,"column":9}},"type":"if","locations":[{"start":{"line":38,"column":8},"end":{"line":41,"column":9}},{"start":{"line":38,"column":8},"end":{"line":41,"column":9}}],"line":38},"1":{"loc":{"start":{"line":54,"column":24},"end":{"line":54,"column":33}},"type":"default-arg","locations":[{"start":{"line":54,"column":32},"end":{"line":54,"column":33}}],"line":54},"2":{"loc":{"start":{"line":56,"column":8},"end":{"line":59,"column":9}},"type":"if","locations":[{"start":{"line":56,"column":8},"end":{"line":59,"column":9}},{"start":{"line":56,"column":8},"end":{"line":59,"column":9}}],"line":56},"3":{"loc":{"start":{"line":71,"column":12},"end":{"line":75,"column":18}},"type":"if","locations":[{"start":{"line":71,"column":12},"end":{"line":75,"column":18}},{"start":{"line":71,"column":12},"end":{"line":75,"column":18}}],"line":71},"4":{"loc":{"start":{"line":71,"column":16},"end":{"line":71,"column":62}},"type":"binary-expr","locations":[{"start":{"line":71,"column":17},"end":{"line":71,"column":29}},{"start":{"line":71,"column":35},"end":{"line":71,"column":61}}],"line":71},"5":{"loc":{"start":{"line":86,"column":23},"end":{"line":86,"column":32}},"type":"default-arg","locations":[{"start":{"line":86,"column":31},"end":{"line":86,"column":32}}],"line":86},"6":{"loc":{"start":{"line":88,"column":8},"end":{"line":91,"column":9}},"type":"if","locations":[{"start":{"line":88,"column":8},"end":{"line":91,"column":9}},{"start":{"line":88,"column":8},"end":{"line":91,"column":9}}],"line":88},"7":{"loc":{"start":{"line":101,"column":23},"end":{"line":101,"column":32}},"type":"default-arg","locations":[{"start":{"line":101,"column":31},"end":{"line":101,"column":32}}],"line":101},"8":{"loc":{"start":{"line":104,"column":8},"end":{"line":107,"column":9}},"type":"if","locations":[{"start":{"line":104,"column":8},"end":{"line":107,"column":9}},{"start":{"line":104,"column":8},"end":{"line":107,"column":9}}],"line":104},"9":{"loc":{"start":{"line":121,"column":16},"end":{"line":121,"column":26}},"type":"default-arg","locations":[{"start":{"line":121,"column":25},"end":{"line":121,"column":26}}],"line":121},"10":{"loc":{"start":{"line":123,"column":8},"end":{"line":136,"column":9}},"type":"if","locations":[{"start":{"line":123,"column":8},"end":{"line":136,"column":9}},{"start":{"line":123,"column":8},"end":{"line":136,"column":9}}],"line":123},"11":{"loc":{"start":{"line":127,"column":12},"end":{"line":135,"column":13}},"type":"if","locations":[{"start":{"line":127,"column":12},"end":{"line":135,"column":13}},{"start":{"line":127,"column":12},"end":{"line":135,"column":13}}],"line":127},"12":{"loc":{"start":{"line":146,"column":8},"end":{"line":151,"column":9}},"type":"if","locations":[{"start":{"line":146,"column":8},"end":{"line":151,"column":9}},{"start":{"line":146,"column":8},"end":{"line":151,"column":9}}],"line":146},"13":{"loc":{"start":{"line":161,"column":8},"end":{"line":166,"column":9}},"type":"if","locations":[{"start":{"line":161,"column":8},"end":{"line":166,"column":9}},{"start":{"line":161,"column":8},"end":{"line":166,"column":9}}],"line":161},"14":{"loc":{"start":{"line":185,"column":8},"end":{"line":185,"column":17}},"type":"default-arg","locations":[{"start":{"line":185,"column":16},"end":{"line":185,"column":17}}],"line":185},"15":{"loc":{"start":{"line":207,"column":12},"end":{"line":211,"column":13}},"type":"if","locations":[{"start":{"line":207,"column":12},"end":{"line":211,"column":13}},{"start":{"line":207,"column":12},"end":{"line":211,"column":13}}],"line":207},"16":{"loc":{"start":{"line":213,"column":12},"end":{"line":218,"column":55}},"type":"if","locations":[{"start":{"line":213,"column":12},"end":{"line":218,"column":55}},{"start":{"line":213,"column":12},"end":{"line":218,"column":55}}],"line":213},"17":{"loc":{"start":{"line":217,"column":12},"end":{"line":218,"column":55}},"type":"if","locations":[{"start":{"line":217,"column":12},"end":{"line":218,"column":55}},{"start":{"line":217,"column":12},"end":{"line":218,"column":55}}],"line":217},"18":{"loc":{"start":{"line":245,"column":22},"end":{"line":245,"column":36}},"type":"default-arg","locations":[{"start":{"line":245,"column":35},"end":{"line":245,"column":36}}],"line":245},"19":{"loc":{"start":{"line":245,"column":38},"end":{"line":245,"column":50}},"type":"default-arg","locations":[{"start":{"line":245,"column":49},"end":{"line":245,"column":50}}],"line":245},"20":{"loc":{"start":{"line":246,"column":20},"end":{"line":246,"column":82}},"type":"cond-expr","locations":[{"start":{"line":246,"column":41},"end":{"line":246,"column":69}},{"start":{"line":246,"column":72},"end":{"line":246,"column":82}}],"line":246},"21":{"loc":{"start":{"line":247,"column":19},"end":{"line":247,"column":61}},"type":"cond-expr","locations":[{"start":{"line":247,"column":38},"end":{"line":247,"column":50}},{"start":{"line":247,"column":53},"end":{"line":247,"column":61}}],"line":247}},"s":{"0":1,"1":1,"2":1,"3":1,"4":1,"5":1,"6":1,"7":1,"8":1,"9":1,"10":1,"11":1,"12":1,"13":1,"14":1,"15":1,"16":1,"17":1,"18":1,"19":14,"20":14,"21":14,"22":14,"23":14,"24":14,"25":0,"26":0,"27":0,"28":0,"29":0,"30":14,"31":26,"32":26,"33":14,"34":0,"35":4,"36":4,"37":4,"38":4,"39":4,"40":8,"41":8,"42":8,"43":8,"44":8,"45":0,"46":3,"47":3,"48":1,"49":1,"50":2,"51":2,"52":0,"53":0,"54":0,"55":8,"56":8,"57":24,"58":8,"59":6,"60":6,"61":20,"62":8,"63":1,"64":1,"65":4,"66":1,"67":1,"68":0,"69":0,"70":0,"71":1,"72":0,"73":0,"74":0,"75":5,"76":5,"77":5,"78":5,"79":5,"80":5,"81":2,"82":2,"83":2,"84":2,"85":2,"86":2,"87":10,"88":0,"89":0,"90":10,"91":10,"92":0,"93":0,"94":0,"95":0,"96":0,"97":0,"98":0,"99":0,"100":0,"101":0,"102":0,"103":0},"f":{"0":14,"1":0,"2":14,"3":4,"4":8,"5":0,"6":3,"7":8,"8":1,"9":0,"10":0,"11":5,"12":2,"13":0,"14":0,"15":0},"b":{"0":[14,0],"1":[0],"2":[0,0],"3":[14,12],"4":[26,26],"5":[4],"6":[4,0],"7":[8],"8":[8,0],"9":[0],"10":[1,2],"11":[2,0],"12":[6,2],"13":[0,1],"14":[5],"15":[0,10],"16":[10,0],"17":[0,0],"18":[0],"19":[0],"20":[0,0],"21":[0,0]},"_coverageSchema":"332fd63041d2c1bcb487cc26dd0d5f7d97098a6c","hash":"bd15674781d95767988cba54f3f8866ef64d1bf0"}
,"C:\\prj\\node\\cardserver\\helpers.mjs": {"path":"C:\\prj\\node\\cardserver\\helpers.mjs","statementMap":{"0":{"start":{"line":11,"column":2},"end":{"line":11,"column":77}},"1":{"start":{"line":11,"column":29},"end":{"line":11,"column":77}},"2":{"start":{"line":12,"column":2},"end":{"line":12,"column":68}},"3":{"start":{"line":12,"column":28},"end":{"line":12,"column":68}},"4":{"start":{"line":14,"column":2},"end":{"line":14,"column":52}},"5":{"start":{"line":24,"column":2},"end":{"line":24,"column":77}},"6":{"start":{"line":24,"column":29},"end":{"line":24,"column":77}},"7":{"start":{"line":25,"column":2},"end":{"line":25,"column":68}},"8":{"start":{"line":25,"column":28},"end":{"line":25,"column":68}},"9":{"start":{"line":26,"column":10},"end":{"line":26,"column":11}},"10":{"start":{"line":27,"column":2},"end":{"line":27,"column":43}},"11":{"start":{"line":27,"column":39},"end":{"line":27,"column":43}},"12":{"start":{"line":28,"column":2},"end":{"line":28,"column":11}},"13":{"start":{"line":39,"column":2},"end":{"line":40,"column":16}},"14":{"start":{"line":40,"column":4},"end":{"line":40,"column":16}},"15":{"start":{"line":41,"column":13},"end":{"line":41,"column":42}},"16":{"start":{"line":42,"column":15},"end":{"line":42,"column":16}},"17":{"start":{"line":43,"column":2},"end":{"line":44,"column":35}},"18":{"start":{"line":44,"column":4},"end":{"line":44,"column":35}},"19":{"start":{"line":45,"column":2},"end":{"line":45,"column":39}},"20":{"start":{"line":56,"column":2},"end":{"line":56,"column":88}},"21":{"start":{"line":56,"column":38},"end":{"line":56,"column":88}},"22":{"start":{"line":57,"column":2},"end":{"line":57,"column":78}},"23":{"start":{"line":57,"column":29},"end":{"line":57,"column":78}},"24":{"start":{"line":59,"column":12},"end":{"line":59,"column":25}},"25":{"start":{"line":60,"column":15},"end":{"line":60,"column":17}},"26":{"start":{"line":61,"column":2},"end":{"line":65,"column":3}},"27":{"start":{"line":62,"column":14},"end":{"line":62,"column":44}},"28":{"start":{"line":63,"column":4},"end":{"line":63,"column":26}},"29":{"start":{"line":64,"column":4},"end":{"line":64,"column":23}},"30":{"start":{"line":66,"column":2},"end":{"line":66,"column":16}},"31":{"start":{"line":76,"column":2},"end":{"line":76,"column":72}},"32":{"start":{"line":76,"column":30},"end":{"line":76,"column":72}},"33":{"start":{"line":77,"column":11},"end":{"line":77,"column":20}},"34":{"start":{"line":78,"column":10},"end":{"line":78,"column":24}},"35":{"start":{"line":79,"column":2},"end":{"line":79,"column":22}}},"fnMap":{"0":{"name":"bitlength","decl":{"start":{"line":10,"column":16},"end":{"line":10,"column":25}},"loc":{"start":{"line":10,"column":29},"end":{"line":15,"column":1}},"line":10},"1":{"name":"bytelength","decl":{"start":{"line":23,"column":16},"end":{"line":23,"column":26}},"loc":{"start":{"line":23,"column":30},"end":{"line":29,"column":1}},"line":23},"2":{"name":"randomRange","decl":{"start":{"line":38,"column":16},"end":{"line":38,"column":27}},"loc":{"start":{"line":38,"column":40},"end":{"line":46,"column":1}},"line":38},"3":{"name":"randomSelection","decl":{"start":{"line":55,"column":16},"end":{"line":55,"column":31}},"loc":{"start":{"line":55,"column":52},"end":{"line":67,"column":1}},"line":55},"4":{"name":"cut","decl":{"start":{"line":75,"column":16},"end":{"line":75,"column":19}},"loc":{"start":{"line":75,"column":28},"end":{"line":80,"column":1}},"line":75}},"branchMap":{"0":{"loc":{"start":{"line":11,"column":2},"end":{"line":11,"column":77}},"type":"if","locations":[{"start":{"line":11,"column":2},"end":{"line":11,"column":77}},{"start":{"line":11,"column":2},"end":{"line":11,"column":77}}],"line":11},"1":{"loc":{"start":{"line":12,"column":2},"end":{"line":12,"column":68}},"type":"if","locations":[{"start":{"line":12,"column":2},"end":{"line":12,"column":68}},{"start":{"line":12,"column":2},"end":{"line":12,"column":68}}],"line":12},"2":{"loc":{"start":{"line":14,"column":9},"end":{"line":14,"column":51}},"type":"cond-expr","locations":[{"start":{"line":14,"column":19},"end":{"line":14,"column":20}},{"start":{"line":14,"column":23},"end":{"line":14,"column":51}}],"line":14},"3":{"loc":{"start":{"line":24,"column":2},"end":{"line":24,"column":77}},"type":"if","locations":[{"start":{"line":24,"column":2},"end":{"line":24,"column":77}},{"start":{"line":24,"column":2},"end":{"line":24,"column":77}}],"line":24},"4":{"loc":{"start":{"line":25,"column":2},"end":{"line":25,"column":68}},"type":"if","locations":[{"start":{"line":25,"column":2},"end":{"line":25,"column":68}},{"start":{"line":25,"column":2},"end":{"line":25,"column":68}}],"line":25},"5":{"loc":{"start":{"line":27,"column":9},"end":{"line":27,"column":37}},"type":"binary-expr","locations":[{"start":{"line":27,"column":9},"end":{"line":27,"column":14}},{"start":{"line":27,"column":18},"end":{"line":27,"column":37}}],"line":27},"6":{"loc":{"start":{"line":39,"column":2},"end":{"line":40,"column":16}},"type":"if","locations":[{"start":{"line":39,"column":2},"end":{"line":40,"column":16}},{"start":{"line":39,"column":2},"end":{"line":40,"column":16}}],"line":39},"7":{"loc":{"start":{"line":56,"column":2},"end":{"line":56,"column":88}},"type":"if","locations":[{"start":{"line":56,"column":2},"end":{"line":56,"column":88}},{"start":{"line":56,"column":2},"end":{"line":56,"column":88}}],"line":56},"8":{"loc":{"start":{"line":57,"column":2},"end":{"line":57,"column":78}},"type":"if","locations":[{"start":{"line":57,"column":2},"end":{"line":57,"column":78}},{"start":{"line":57,"column":2},"end":{"line":57,"column":78}}],"line":57},"9":{"loc":{"start":{"line":76,"column":2},"end":{"line":76,"column":72}},"type":"if","locations":[{"start":{"line":76,"column":2},"end":{"line":76,"column":72}},{"start":{"line":76,"column":2},"end":{"line":76,"column":72}}],"line":76}},"s":{"0":0,"1":0,"2":0,"3":0,"4":0,"5":153,"6":0,"7":153,"8":0,"9":153,"10":153,"11":18,"12":153,"13":165,"14":12,"15":153,"16":153,"17":153,"18":171,"19":153,"20":20,"21":0,"22":20,"23":0,"24":20,"25":20,"26":20,"27":145,"28":145,"29":145,"30":20,"31":6,"32":0,"33":6,"34":6,"35":6},"f":{"0":0,"1":153,"2":165,"3":20,"4":6},"b":{"0":[0,0],"1":[0,0],"2":[0,0],"3":[0,153],"4":[0,153],"5":[171,171],"6":[12,153],"7":[0,20],"8":[0,20],"9":[0,6]},"_coverageSchema":"332fd63041d2c1bcb487cc26dd0d5f7d97098a6c","hash":"cb87f70b81ebc29c68c5f60948356a4f5389401f"}
}
