TN:
SF:C:\prj\node\cardserver\Cards.mjs
FN:37,(anonymous_0)
FN:54,(anonymous_1)
FN:68,(anonymous_2)
FN:86,(anonymous_3)
FN:101,(anonymous_4)
FN:115,(anonymous_5)
FN:121,(anonymous_6)
FN:142,(anonymous_7)
FN:155,(anonymous_8)
FN:170,(anonymous_9)
FN:179,(anonymous_10)
FN:185,(anonymous_11)
FN:199,(anonymous_12)
FN:222,(anonymous_13)
FN:231,(anonymous_14)
FN:245,(anonymous_15)
FNF:16
FNH:9
FNDA:14,(anonymous_0)
FNDA:0,(anonymous_1)
FNDA:14,(anonymous_2)
FNDA:4,(anonymous_3)
FNDA:8,(anonymous_4)
FNDA:0,(anonymous_5)
FNDA:3,(anonymous_6)
FNDA:8,(anonymous_7)
FNDA:1,(anonymous_8)
FNDA:0,(anonymous_9)
FNDA:0,(anonymous_10)
FNDA:5,(anonymous_11)
FNDA:2,(anonymous_12)
FNDA:0,(anonymous_13)
FNDA:0,(anonymous_14)
FNDA:0,(anonymous_15)
DA:5,1
DA:8,1
DA:9,1
DA:10,1
DA:11,1
DA:13,1
DA:15,1
DA:16,1
DA:17,1
DA:19,1
DA:20,1
DA:21,1
DA:22,1
DA:23,1
DA:25,1
DA:26,1
DA:27,1
DA:28,1
DA:29,1
DA:38,14
DA:40,14
DA:42,14
DA:43,14
DA:44,14
DA:45,14
DA:55,0
DA:56,0
DA:57,0
DA:58,0
DA:60,0
DA:69,14
DA:70,26
DA:71,26
DA:72,14
DA:77,0
DA:87,4
DA:88,4
DA:89,4
DA:90,4
DA:92,4
DA:103,8
DA:104,8
DA:105,8
DA:106,8
DA:108,8
DA:115,0
DA:122,3
DA:123,3
DA:124,1
DA:125,1
DA:127,2
DA:128,2
DA:131,0
DA:133,0
DA:134,0
DA:143,8
DA:144,8
DA:145,24
DA:146,8
DA:148,6
DA:149,6
DA:150,20
DA:152,8
DA:157,1
DA:158,1
DA:159,4
DA:160,1
DA:161,1
DA:163,0
DA:164,0
DA:165,0
DA:167,1
DA:172,0
DA:181,0
DA:182,0
DA:187,5
DA:188,5
DA:189,5
DA:190,5
DA:191,5
DA:192,5
DA:200,2
DA:201,2
DA:202,2
DA:203,2
DA:204,2
DA:205,2
DA:207,10
DA:209,0
DA:210,0
DA:213,10
DA:214,10
DA:217,0
DA:218,0
DA:224,0
DA:232,0
DA:233,0
DA:234,0
DA:235,0
DA:236,0
DA:246,0
DA:247,0
DA:248,0
DA:249,0
LF:104
LH:74
BRDA:38,0,0,14
BRDA:38,0,1,0
BRDA:54,1,0,0
BRDA:56,2,0,0
BRDA:56,2,1,0
BRDA:71,3,0,14
BRDA:71,3,1,12
BRDA:71,4,0,26
BRDA:71,4,1,26
BRDA:86,5,0,4
BRDA:88,6,0,4
BRDA:88,6,1,0
BRDA:101,7,0,8
BRDA:104,8,0,8
BRDA:104,8,1,0
BRDA:121,9,0,0
BRDA:123,10,0,1
BRDA:123,10,1,2
BRDA:127,11,0,2
BRDA:127,11,1,0
BRDA:146,12,0,6
BRDA:146,12,1,2
BRDA:161,13,0,0
BRDA:161,13,1,1
BRDA:185,14,0,5
BRDA:207,15,0,0
BRDA:207,15,1,10
BRDA:213,16,0,10
BRDA:213,16,1,0
BRDA:217,17,0,0
BRDA:217,17,1,0
BRDA:245,18,0,0
BRDA:245,19,0,0
BRDA:246,20,0,0
BRDA:246,20,1,0
BRDA:247,21,0,0
BRDA:247,21,1,0
BRF:37
BRH:18
end_of_record
TN:
SF:C:\prj\node\cardserver\helpers.mjs
FN:10,bitlength
FN:23,bytelength
FN:38,randomRange
FN:55,randomSelection
FN:75,cut
FNF:5
FNH:4
FNDA:0,bitlength
FNDA:153,bytelength
FNDA:165,randomRange
FNDA:20,randomSelection
FNDA:6,cut
DA:11,0
DA:12,0
DA:14,0
DA:24,153
DA:25,153
DA:26,153
DA:27,153
DA:28,153
DA:39,165
DA:40,12
DA:41,153
DA:42,153
DA:43,153
DA:44,171
DA:45,153
DA:56,20
DA:57,20
DA:59,20
DA:60,20
DA:61,20
DA:62,145
DA:63,145
DA:64,145
DA:66,20
DA:76,6
DA:77,6
DA:78,6
DA:79,6
LF:28
LH:25
BRDA:11,0,0,0
BRDA:11,0,1,0
BRDA:12,1,0,0
BRDA:12,1,1,0
BRDA:14,2,0,0
BRDA:14,2,1,0
BRDA:24,3,0,0
BRDA:24,3,1,153
BRDA:25,4,0,0
BRDA:25,4,1,153
BRDA:27,5,0,171
BRDA:27,5,1,171
BRDA:39,6,0,12
BRDA:39,6,1,153
BRDA:56,7,0,0
BRDA:56,7,1,20
BRDA:57,8,0,0
BRDA:57,8,1,20
BRDA:76,9,0,0
BRDA:76,9,1,6
BRF:20
BRH:9
end_of_record
